# This is my logfile:



Car Script Started - 2024-02-19 20:32:32
-----------------------------------------
Started driving in direction: forward and with speed: Motor A: 700 Motor B: 672

Measured Distance: 1210.413

Measured Distance: 1210.378

Measured Distance: 1210.601

Measured Distance: 1210.464

Measured Distance: 1210.327

Measured Distance: 1210.396

Measured Distance: 1210.464

Measured Distance: 1210.481

Measured Distance: 1210.413





Car Script Started - 2000-01-01 00:00:04
-----------------------------------------

Turning left.

stop_car method called

Completed 90° turn to the left.

Turning left.

stop_car method called

Completed 90° turn to the left.

Turning left.

stop_car method called

Completed 90° turn to the left.

Turning left.

stop_car method called

Completed 90° turn to the left.

Turning right.

stop_car method called

Completed 90° turn to the right.

Turning right.

stop_car method called

Completed 90° turn to the right.

Turning right.

stop_car method called

Completed 90° turn to the right.

Turning right.

stop_car method called

Completed 90° turn to the right.

Turning right.

stop_car method called

Completed 180° turn to the right.

Turning right.

stop_car method called

Completed 180° turn to the right.

Turning right.

stop_car method called

Completed 180° turn to the right.

Turning right.

stop_car method called

Completed 180° turn to the right.





Car Script Started - 2024-02-19 20:37:22
-----------------------------------------

Turning left.

stop_car method called

Completed 90° turn to the left.

Turning left.





Car Script Started - 2024-02-19 20:37:37
-----------------------------------------

Turning left.

stop_car method called

Completed 90° turn to the left.

Turning left.

stop_car method called

Completed 90° turn to the left.

Turning left.

stop_car method called

Completed 90° turn to the left.





Car Script Started - 2024-02-19 20:38:17
-----------------------------------------

Turning left.

stop_car method called

Completed 90° turn to the left.

Turning left.

stop_car method called

Completed 90° turn to the left.





Car Script Started - 2024-02-19 20:40:33
-----------------------------------------

Turning left.

stop_car method called

Completed 90° turn to the left.

Turning left.

stop_car method called

Completed 90° turn to the left.





Car Script Started - 2000-01-01 00:00:04
-----------------------------------------

Turning left.

stop_car method called

Completed 90° turn to the left.

Turning left.

stop_car method called

Completed 90° turn to the left.

Turning left.

stop_car method called

Completed 90° turn to the left.

Turning left.

stop_car method called

Completed 90° turn to the left.

Turning right.

stop_car method called

Completed 90° turn to the right.

Turning right.

stop_car method called

Completed 90° turn to the right.

Turning right.

stop_car method called

Completed 90° turn to the right.

Turning right.

stop_car method called

Completed 90° turn to the right.

Turning right.
